RealOne/app/build/intermediates/manifest_merge_blame_file/debug/manifest-merger-blame-debug-report.txt
1<?xml version="1.0" encoding="utf-8"?>
2<manifest xmlns:android="http://schemas.android.com/apk/res/android"
3    package="com.example.realone"
4    android:versionCode="1"
5    android:versionName="1.0" >
6
7    <uses-sdk
8        android:minSdkVersion="15"
8-->src\main\AndroidManifest.xml
9        android:targetSdkVersion="29" />
9-->src\main\AndroidManifest.xml
10
11    <uses-permission android:name="android.permission.READ_CONTACTS" />
11-->src\main\AndroidManifest.xml:5:5-72
11-->src\main\AndroidManifest.xml:5:22-69
12    <uses-permission android:name="android.permission.READ_CALL_LOG" />
12-->src\main\AndroidManifest.xml:6:5-71
12-->src\main\AndroidManifest.xml:6:22-69
13    <uses-permission android:name="android.permission.SEND_SMS" />
13-->src\main\AndroidManifest.xml:7:5-67
13-->src\main\AndroidManifest.xml:7:22-64
14    <uses-permission android:name="android.permission.READ_PHONE_STATE" />
14-->src\main\AndroidManifest.xml:8:5-74
14-->src\main\AndroidManifest.xml:8:22-72
15
16    <application
16-->src\main\AndroidManifest.xml:11:5-31:19
17        android:allowBackup="true"
17-->src\main\AndroidManifest.xml:12:9-35
18        android:appComponentFactory="androidx.core.app.CoreComponentFactory"
18-->[androidx.core:core:1.1.0] AndroidManifest.xml:24:18-86
19        android:debuggable="true"
20        android:icon="@mipmap/ic_launcher"
20-->src\main\AndroidManifest.xml:13:9-43
21        android:label="@string/app_name"
21-->src\main\AndroidManifest.xml:14:9-41
22        android:roundIcon="@mipmap/ic_launcher_round"
22-->src\main\AndroidManifest.xml:15:9-54
23        android:supportsRtl="true"
23-->src\main\AndroidManifest.xml:16:9-35
24        android:testOnly="true"
25        android:theme="@style/AppTheme" >
25-->src\main\AndroidManifest.xml:17:9-40
26        <activity android:name="com.example.realone.SignUpActivity" />
26-->src\main\AndroidManifest.xml:18:9-61
26-->src\main\AndroidManifest.xml:18:19-49
27        <activity android:name="com.example.realone.LoginActivity" />
27-->src\main\AndroidManifest.xml:19:9-51
27-->src\main\AndroidManifest.xml:19:19-48
28        <activity
28-->src\main\AndroidManifest.xml:20:9-22:60
29            android:name="com.example.realone.ui.login.LoginActivity"
29-->src\main\AndroidManifest.xml:21:13-51
30            android:label="@string/title_activity_login" />
30-->src\main\AndroidManifest.xml:22:13-57
31        <activity android:name="com.example.realone.GalleryActivity" />
31-->src\main\AndroidManifest.xml:23:9-53
31-->src\main\AndroidManifest.xml:23:19-50
32        <activity android:name="com.example.realone.MainActivity" >
32-->src\main\AndroidManifest.xml:24:9-30:20
32-->src\main\AndroidManifest.xml:24:19-47
33            <intent-filter>
33-->src\main\AndroidManifest.xml:25:13-29:29
34                <action android:name="android.intent.action.MAIN" />
34-->src\main\AndroidManifest.xml:26:17-69
34-->src\main\AndroidManifest.xml:26:25-66
35
36                <category android:name="android.intent.category.LAUNCHER" />
36-->src\main\AndroidManifest.xml:28:17-77
36-->src\main\AndroidManifest.xml:28:27-74
37            </intent-filter>
38        </activity>
39
40        <provider
40-->[androidx.lifecycle:lifecycle-process:2.1.0] AndroidManifest.xml:23:9-27:43
41            android:name="androidx.lifecycle.ProcessLifecycleOwnerInitializer"
41-->[androidx.lifecycle:lifecycle-process:2.1.0] AndroidManifest.xml:24:13-79
42            android:authorities="com.example.realone.lifecycle-process"
42-->[androidx.lifecycle:lifecycle-process:2.1.0] AndroidManifest.xml:25:13-69
43            android:exported="false"
43-->[androidx.lifecycle:lifecycle-process:2.1.0] AndroidManifest.xml:26:13-37
44            android:multiprocess="true" />
44-->[androidx.lifecycle:lifecycle-process:2.1.0] AndroidManifest.xml:27:13-40
45    </application>
46
47</manifest>